\BOOKMARK [1][-]{section.1}{Introduction}{}% 1
\BOOKMARK [1][-]{section.2}{Available Datasets Description}{}% 2
\BOOKMARK [2][-]{subsection.2.1}{DEAP}{section.2}% 3
\BOOKMARK [2][-]{subsection.2.2}{MAHNOB-HCI}{section.2}% 4
\BOOKMARK [2][-]{subsection.2.3}{eNTERFACE'06}{section.2}% 5
\BOOKMARK [2][-]{subsection.2.4}{Selection}{section.2}% 6
\BOOKMARK [1][-]{section.3}{EEG-based Emotion Classification }{}% 7
\BOOKMARK [2][-]{subsection.3.1}{ Multi-Modal Bio-Potential Signals}{section.3}% 8
\BOOKMARK [3][-]{subsubsection.3.1.1}{Data Collection}{subsection.3.1}% 9
\BOOKMARK [3][-]{subsubsection.3.1.2}{Feature Extraction}{subsection.3.1}% 10
\BOOKMARK [3][-]{subsubsection.3.1.3}{Emotion Recognition Method}{subsection.3.1}% 11
\BOOKMARK [3][-]{subsubsection.3.1.4}{Related Work}{subsection.3.1}% 12
\BOOKMARK [2][-]{subsection.3.2}{Wavelet Decomposition Method}{section.3}% 13
\BOOKMARK [3][-]{subsubsection.3.2.1}{Data Collection}{subsection.3.2}% 14
\BOOKMARK [3][-]{subsubsection.3.2.2}{Feature Extraction}{subsection.3.2}% 15
\BOOKMARK [3][-]{subsubsection.3.2.3}{Emotion Recognition Method}{subsection.3.2}% 16
\BOOKMARK [3][-]{subsubsection.3.2.4}{Related Approaches}{subsection.3.2}% 17
\BOOKMARK [2][-]{subsection.3.3}{Convolutional Neural Network Method}{section.3}% 18
\BOOKMARK [3][-]{subsubsection.3.3.1}{Network Configuration}{subsection.3.3}% 19
\BOOKMARK [3][-]{subsubsection.3.3.2}{Implementation Details}{subsection.3.3}% 20
\BOOKMARK [1][-]{section.4}{Empirical Study}{}% 21
\BOOKMARK [2][-]{subsection.4.1}{ Evaluation Design}{section.4}% 22
\BOOKMARK [2][-]{subsection.4.2}{ Results and Analysis}{section.4}% 23
\BOOKMARK [2][-]{subsection.4.3}{Remarks}{section.4}% 24
\BOOKMARK [1][-]{section.5}{Discussion}{}% 25
\BOOKMARK [2][-]{subsection.5.1}{Threats to Validity}{section.5}% 26
\BOOKMARK [2][-]{subsection.5.2}{Feasibility}{section.5}% 27
\BOOKMARK [1][-]{section.6}{Conclusions and Future Work}{}% 28
\BOOKMARK [1][-]{section.7}{References}{}% 29
